<?xml version="1.0" encoding="UTF-8"?>
<!-- Generated by org.testng.reporters.JUnitReportReporter -->
<testsuite hostname="LAPTOP-0OCRLAIL" failures="0" tests="1" name="Sylunim1.TestNg" time="0.008" errors="0" timestamp="2024-02-22T13:10:49 IST" skipped="0">
  <testcase classname="Sylunim1.TestNg" name="tets1" time="0.008"/>
</testsuite> <!-- Sylunim1.TestNg -->
